10/20/2018 12:48:25 PM	This log contains information about the import schema operation into project 'Memoraide' on computer 'DESKTOP-CMMS0DK' by user 'Daniel'.
10/20/2018 12:48:25 PM	Import of database schema has started.
10/20/2018 12:48:30 PM	Gathering database options
10/20/2018 12:48:30 PM	Gathering users
10/20/2018 12:48:30 PM	Gathering roles
10/20/2018 12:48:30 PM	Gathering application roles
10/20/2018 12:48:30 PM	Gathering role memberships
10/20/2018 12:48:30 PM	Gathering filegroups
10/20/2018 12:48:30 PM	Gathering full-text catalogs
10/20/2018 12:48:30 PM	Gathering assemblies
10/20/2018 12:48:30 PM	Gathering certificates
10/20/2018 12:48:30 PM	Gathering asymmetric keys
10/20/2018 12:48:30 PM	Gathering symmetric keys
10/20/2018 12:48:30 PM	Gathering encrypted symmetric keys
10/20/2018 12:48:30 PM	Gathering schemas
10/20/2018 12:48:30 PM	Gathering XML schema collections
10/20/2018 12:48:30 PM	Gathering user-defined data types
10/20/2018 12:48:30 PM	Gathering user-defined types
10/20/2018 12:48:30 PM	Gathering table types
10/20/2018 12:48:30 PM	Gathering unique keys for table types
10/20/2018 12:48:30 PM	Gathering primary keys for table types
10/20/2018 12:48:30 PM	Gathering indexes for table types
10/20/2018 12:48:30 PM	Gathering check constraints for table types
10/20/2018 12:48:30 PM	Gathering default constraints for table types
10/20/2018 12:48:30 PM	Gathering partition functions
10/20/2018 12:48:30 PM	Gathering partition schemes
10/20/2018 12:48:30 PM	Gathering functions
10/20/2018 12:48:30 PM	Gathering encrypted functions
10/20/2018 12:48:30 PM	Gathering aggregates
10/20/2018 12:48:30 PM	Gathering procedures
10/20/2018 12:48:30 PM	Gathering encrypted procedures
10/20/2018 12:48:30 PM	Gathering tables
10/20/2018 12:48:30 PM	Gathering primary keys
10/20/2018 12:48:31 PM	Gathering unique constraints
10/20/2018 12:48:31 PM	Gathering foreign keys
10/20/2018 12:48:31 PM	Gathering default constraints
10/20/2018 12:48:31 PM	Gathering check constraints
10/20/2018 12:48:31 PM	Gathering views
10/20/2018 12:48:31 PM	Gathering encrypted views
10/20/2018 12:48:31 PM	Gathering indexes
10/20/2018 12:48:31 PM	Gathering statistics
10/20/2018 12:48:31 PM	Gathering full-text index stoplists
10/20/2018 12:48:31 PM	Gathering search property lists
10/20/2018 12:48:31 PM	Gathering search properties
10/20/2018 12:48:31 PM	Gathering full-text indexes
10/20/2018 12:48:31 PM	Gathering column store indexes
10/20/2018 12:48:31 PM	Gathering spatial indexes
10/20/2018 12:48:31 PM	Gathering XML indexes
10/20/2018 12:48:31 PM	Gathering Selective XML indexes
10/20/2018 12:48:31 PM	Gathering encrypted triggers
10/20/2018 12:48:31 PM	Gathering triggers
10/20/2018 12:48:31 PM	Gathering encrypted and clr ddl triggers
10/20/2018 12:48:31 PM	Gathering ddl triggers
10/20/2018 12:48:31 PM	Gathering synonyms
10/20/2018 12:48:31 PM	Gathering defaults
10/20/2018 12:48:31 PM	Gathering data constraint uddt bindings
10/20/2018 12:48:31 PM	Gathering rules
10/20/2018 12:48:31 PM	Gathering data constraint uddt bindings
10/20/2018 12:48:31 PM	Gathering message types
10/20/2018 12:48:31 PM	Gathering queues
10/20/2018 12:48:31 PM	Gathering contracts
10/20/2018 12:48:31 PM	Gathering services
10/20/2018 12:48:31 PM	Gathering event notifications
10/20/2018 12:48:31 PM	Gathering remote service bindings
10/20/2018 12:48:31 PM	Gathering broker priorities
10/20/2018 12:48:31 PM	Gathering signatures
10/20/2018 12:48:31 PM	Gathering data compression options
10/20/2018 12:48:31 PM	Gathering sequence types
10/20/2018 12:48:31 PM	Gathering extended properties
10/20/2018 12:48:31 PM	Gathering credentials
10/20/2018 12:48:31 PM	Gathering logins
10/20/2018 12:48:31 PM	Gathering server audits
10/20/2018 12:48:31 PM	Scanning project for duplicate elements
10/20/2018 12:48:31 PM	Finished duplicate element processing
10/20/2018 12:48:31 PM	Finished importing database.
10/20/2018 12:48:31 PM	A summary of the import was saved to the following location: C:\Users\Daniel\Desktop\Term 6\Projects\Memoraide\Memoraide\Import Schema Logs\Memoraide_20181020044825.log
10/20/2018 12:48:31 PM	Click Finish to continue...
